<?xml version="1.0" encoding="UTF-8"?>
<testng-results skipped="0" failed="1" ignored="0" total="4" passed="3">
  <reporter-output>
  </reporter-output>
  <suite name="Suite" duration-ms="71319" started-at="2019-08-18T09:47:36Z" finished-at="2019-08-18T09:48:47Z">
    <groups>
    </groups>
    <test name="Test" duration-ms="71319" started-at="2019-08-18T09:47:36Z" finished-at="2019-08-18T09:48:47Z">
      <class name="Scripts.EditUserUseCase">
        <test-method status="PASS" signature="openBrowser()[pri:0, instance:Scripts.EditUserUseCase@6fb554cc]" name="openBrowser" is-config="true" duration-ms="10263" started-at="2019-08-18T09:48:27Z" finished-at="2019-08-18T09:48:37Z">
          <reporter-output>
          </reporter-output>
        </test-method> <!-- openBrowser -->
        <test-method status="PASS" signature="editUser()[pri:0, instance:Scripts.EditUserUseCase@6fb554cc]" name="editUser" duration-ms="9460" started-at="2019-08-18T09:48:37Z" finished-at="2019-08-18T09:48:47Z">
          <reporter-output>
          </reporter-output>
        </test-method> <!-- editUser -->
      </class> <!-- Scripts.EditUserUseCase -->
      <class name="Scripts.CreateUserTest">
        <test-method status="PASS" signature="openBrowser()[pri:0, instance:Scripts.CreateUserTest@4cb2c100]" name="openBrowser" is-config="true" duration-ms="10332" started-at="2019-08-18T09:48:06Z" finished-at="2019-08-18T09:48:16Z">
          <reporter-output>
          </reporter-output>
        </test-method> <!-- openBrowser -->
        <test-method status="PASS" signature="createUser(java.lang.String, java.lang.String, java.lang.String, java.lang.String, java.lang.String, java.lang.String, java.lang.String, java.lang.String, java.lang.String, java.lang.String, java.lang.String, java.lang.String)[pri:0, instance:Scripts.CreateUserTest@4cb2c100]" name="createUser" duration-ms="11343" started-at="2019-08-18T09:48:16Z" data-provider="usercreation" finished-at="2019-08-18T09:48:27Z">
          <params>
            <param index="0">
              <value>
                <![CDATA[Rajashekar]]>
              </value>
            </param>
            <param index="1">
              <value>
                <![CDATA[TR]]>
              </value>
            </param>
            <param index="2">
              <value>
                <![CDATA[rajashekartr]]>
              </value>
            </param>
            <param index="3">
              <value>
                <![CDATA[rajashekartr@123]]>
              </value>
            </param>
            <param index="4">
              <value>
                <![CDATA[rajashekartr@123]]>
              </value>
            </param>
            <param index="5">
              <value>
                <![CDATA[12/12/1980]]>
              </value>
            </param>
            <param index="6">
              <value>
                <![CDATA[rajshekartr123@gmail.com]]>
              </value>
            </param>
            <param index="7">
              <value>
                <![CDATA[9923909239]]>
              </value>
            </param>
            <param index="8">
              <value>
                <![CDATA[Test Engineer]]>
              </value>
            </param>
            <param index="9">
              <value>
                <![CDATA[01/01/2018]]>
              </value>
            </param>
            <param index="10">
              <value>
                <![CDATA[Dottie]]>
              </value>
            </param>
            <param index="11">
              <value>
                <![CDATA[Engineering]]>
              </value>
            </param>
          </params>
          <reporter-output>
          </reporter-output>
        </test-method> <!-- createUser -->
      </class> <!-- Scripts.CreateUserTest -->
      <class name="Scripts.SearchEmpTest">
        <test-method status="PASS" signature="openBrowser()[pri:0, instance:Scripts.SearchEmpTest@3f2a3a5]" name="openBrowser" is-config="true" duration-ms="9049" started-at="2019-08-18T09:47:50Z" finished-at="2019-08-18T09:47:59Z">
          <reporter-output>
          </reporter-output>
        </test-method> <!-- openBrowser -->
        <test-method status="PASS" signature="searchEmployee()[pri:0, instance:Scripts.SearchEmpTest@3f2a3a5]" name="searchEmployee" duration-ms="6243" started-at="2019-08-18T09:47:59Z" finished-at="2019-08-18T09:48:05Z">
          <reporter-output>
          </reporter-output>
        </test-method> <!-- searchEmployee -->
      </class> <!-- Scripts.SearchEmpTest -->
      <class name="Scripts.UseCase1Login">
        <test-method status="PASS" signature="openBrowser()[pri:0, instance:Scripts.UseCase1Login@60addb54]" name="openBrowser" is-config="true" duration-ms="12931" started-at="2019-08-18T09:47:36Z" finished-at="2019-08-18T09:47:49Z">
          <reporter-output>
          </reporter-output>
        </test-method> <!-- openBrowser -->
        <test-method status="FAIL" signature="checkLoginHome()[pri:0, instance:Scripts.UseCase1Login@60addb54]" name="checkLoginHome" duration-ms="1576" started-at="2019-08-18T09:47:49Z" finished-at="2019-08-18T09:47:50Z">
          <exception class="java.lang.AssertionError">
            <message>
              <![CDATA[expected [true] but found [false]]]>
            </message>
            <full-stacktrace>
              <![CDATA[java.lang.AssertionError: expected [true] but found [false]
at org.testng.Assert.fail(Assert.java:96)
at org.testng.Assert.failNotEquals(Assert.java:776)
at org.testng.Assert.assertTrue(Assert.java:44)
at org.testng.Assert.assertTrue(Assert.java:54)
at Scripts.UseCase1Login.checkLoginHome(UseCase1Login.java:33)
at sun.reflect.NativeMethodAccessorImpl.invoke0(Native Method)
at sun.reflect.NativeMethodAccessorImpl.invoke(NativeMethodAccessorImpl.java:62)
at sun.reflect.DelegatingMethodAccessorImpl.invoke(DelegatingMethodAccessorImpl.java:43)
at java.lang.reflect.Method.invoke(Method.java:498)
at org.testng.internal.MethodInvocationHelper.invokeMethod(MethodInvocationHelper.java:124)
at org.testng.internal.Invoker.invokeMethod(Invoker.java:583)
at org.testng.internal.Invoker.invokeTestMethod(Invoker.java:719)
at org.testng.internal.Invoker.invokeTestMethods(Invoker.java:989)
at org.testng.internal.TestMethodWorker.invokeTestMethods(TestMethodWorker.java:125)
at org.testng.internal.TestMethodWorker.run(TestMethodWorker.java:109)
at org.testng.TestRunner.privateRun(TestRunner.java:648)
at org.testng.TestRunner.run(TestRunner.java:505)
at org.testng.SuiteRunner.runTest(SuiteRunner.java:455)
at org.testng.SuiteRunner.runSequentially(SuiteRunner.java:450)
at org.testng.SuiteRunner.privateRun(SuiteRunner.java:415)
at org.testng.SuiteRunner.run(SuiteRunner.java:364)
at org.testng.SuiteRunnerWorker.runSuite(SuiteRunnerWorker.java:52)
at org.testng.SuiteRunnerWorker.run(SuiteRunnerWorker.java:84)
at org.testng.TestNG.runSuitesSequentially(TestNG.java:1208)
at org.testng.TestNG.runSuitesLocally(TestNG.java:1137)
at org.testng.TestNG.runSuites(TestNG.java:1049)
at org.testng.TestNG.run(TestNG.java:1017)
at org.apache.maven.surefire.testng.TestNGExecutor.run(TestNGExecutor.java:283)
at org.apache.maven.surefire.testng.TestNGXmlTestSuite.execute(TestNGXmlTestSuite.java:75)
at org.apache.maven.surefire.testng.TestNGProvider.invoke(TestNGProvider.java:120)
at org.apache.maven.surefire.booter.ForkedBooter.invokeProviderInSameClassLoader(ForkedBooter.java:384)
at org.apache.maven.surefire.booter.ForkedBooter.runSuitesInProcess(ForkedBooter.java:345)
at org.apache.maven.surefire.booter.ForkedBooter.execute(ForkedBooter.java:126)
at org.apache.maven.surefire.booter.ForkedBooter.main(ForkedBooter.java:418)
]]>
            </full-stacktrace>
          </exception> <!-- java.lang.AssertionError -->
          <reporter-output>
          </reporter-output>
        </test-method> <!-- checkLoginHome -->
      </class> <!-- Scripts.UseCase1Login -->
    </test> <!-- Test -->
  </suite> <!-- Suite -->
</testng-results>
